<?xml version="1.0" encoding="UTF-8"?>
<!-- Generated by org.testng.reporters.JUnitReportReporter -->
<testsuite skipped="0" hostname="L7ASO-PF03H1VR" name="Com.NF.NetForumScenarious.LaunchandLoginintoNF15" tests="1" failures="0" timestamp="05 Jun 2018 14:34:39 GMT" time="27.515" errors="0">
  <testcase name="LaunchApplication" time="27.515" classname="Com.NF.NetForumScenarious.LaunchandLoginintoNF15"/>
</testsuite> <!-- Com.NF.NetForumScenarious.LaunchandLoginintoNF15 -->
