<?xml version="1.0" encoding="UTF-8"?>
<!-- Generated by org.testng.reporters.JUnitReportReporter -->
<testsuite skipped="1" hostname="L7ASO-PF03H1VR" name="Com.NF.NetForumScenarious.VerifyOrganization" tests="1" failures="0" timestamp="05 Jun 2018 14:34:39 GMT" time="0.000" errors="0">
  <testcase name="verifyAddOrganization" time="0.000" classname="Com.NF.NetForumScenarious.VerifyOrganization">
    <skipped/>
  </testcase> <!-- verifyAddOrganization -->
</testsuite> <!-- Com.NF.NetForumScenarious.VerifyOrganization -->
