<?xml version="1.0" encoding="UTF-8"?>
<!-- Generated by org.testng.reporters.JUnitReportReporter -->
<testsuite skipped="1" hostname="L7ASO-PF03H1VR" name="Com.NF.NetForumScenarious.VerifyOrganization" tests="1" failures="0" timestamp="03 Sep 2018 12:28:07 GMT" time="0.001" errors="0">
  <testcase name="verifyAddOrganization" time="0.001" classname="Com.NF.NetForumScenarious.VerifyOrganization">
    <skipped/>
  </testcase> <!-- verifyAddOrganization -->
</testsuite> <!-- Com.NF.NetForumScenarious.VerifyOrganization -->
