<?xml version="1.0" encoding="UTF-8"?>
<!-- Generated by org.testng.reporters.JUnitReportReporter -->
<testsuite skipped="1" hostname="L7ASO-PF03H1VR" name="Com.NF.NetForumScenarious.Addorganization" tests="1" failures="0" timestamp="03 Sep 2018 12:28:07 GMT" time="0.000" errors="0">
  <testcase name="AddRotaryOrganization" time="0.000" classname="Com.NF.NetForumScenarious.Addorganization">
    <skipped/>
  </testcase> <!-- AddRotaryOrganization -->
</testsuite> <!-- Com.NF.NetForumScenarious.Addorganization -->
